<?xml version="1.0" encoding="UTF-8"?>
<robot generator="Robot 5.0.1 (Python 3.10.6 on linux)" generated="20220927 22:36:26.800" rpa="false" schemaversion="3">
<suite id="s1" name="Tests" source="/home/sjcr23/Repos/ic-6831-proyectoII-demo/Tests">
<suite id="s1-s1" name="Google Chrome" source="/home/sjcr23/Repos/ic-6831-proyectoII-demo/Tests/Google Chrome">
<suite id="s1-s1-s1" name="Search" source="/home/sjcr23/Repos/ic-6831-proyectoII-demo/Tests/Google Chrome/search.robot">
<test id="s1-s1-s1-t1" name="Search 'wall·e' on Google" line="13">
<kw name="Given The user opens">
<arg>${google}</arg>
<arg>${browser}</arg>
<kw name="Open Browser" library="SeleniumLibrary">
<arg>${url}</arg>
<arg>${browser}</arg>
<doc>Opens a new browser instance to the optional ``url``.</doc>
<msg timestamp="20220927 22:36:27.132" level="INFO">Opening browser 'Chrome' to base url 'https://www.google.com/'.</msg>
<status status="PASS" starttime="20220927 22:36:27.131" endtime="20220927 22:36:31.226"/>
</kw>
<status status="PASS" starttime="20220927 22:36:27.130" endtime="20220927 22:36:31.226"/>
</kw>
<kw name="And The user searchs">
<arg>wall·e</arg>
<kw name="Input Text" library="SeleniumLibrary">
<arg>name:q</arg>
<arg>${query}</arg>
<doc>Types the given ``text`` into the text field identified by ``locator``.</doc>
<msg timestamp="20220927 22:36:31.229" level="INFO">Typing text 'wall·e' into text field 'name:q'.</msg>
<status status="PASS" starttime="20220927 22:36:31.228" endtime="20220927 22:36:31.305"/>
</kw>
<kw name="Press Keys" library="SeleniumLibrary">
<arg>name:q</arg>
<arg>ENTER</arg>
<doc>Simulates the user pressing key(s) to an element or on the active browser.</doc>
<msg timestamp="20220927 22:36:31.307" level="INFO">Sending key(s) ('ENTER',) to name:q element.</msg>
<msg timestamp="20220927 22:36:31.591" level="INFO">Pressing special key ENTER to element.</msg>
<msg timestamp="20220927 22:36:31.591" level="INFO">Releasing special key ENTER.</msg>
<status status="PASS" starttime="20220927 22:36:31.306" endtime="20220927 22:36:34.955"/>
</kw>
<status status="PASS" starttime="20220927 22:36:31.227" endtime="20220927 22:36:34.955"/>
</kw>
<kw name="Sleep" library="BuiltIn">
<arg>1s</arg>
<doc>Pauses the test executed for the given time.</doc>
<msg timestamp="20220927 22:36:35.957" level="INFO">Slept 1 second</msg>
<status status="PASS" starttime="20220927 22:36:34.956" endtime="20220927 22:36:35.957"/>
</kw>
<kw name="Then Page Should Contain" library="SeleniumLibrary">
<arg>WALL·E - Wikipedia, la enciclopedia libre</arg>
<doc>Verifies that current page contains ``text``.</doc>
<msg timestamp="20220927 22:36:35.986" level="INFO">Current page contains text 'WALL·E - Wikipedia, la enciclopedia libre'.</msg>
<status status="PASS" starttime="20220927 22:36:35.958" endtime="20220927 22:36:35.986"/>
</kw>
<kw name="Close Browser" library="SeleniumLibrary">
<doc>Closes the current browser.</doc>
<status status="PASS" starttime="20220927 22:36:35.987" endtime="20220927 22:36:36.050"/>
</kw>
<doc>Search 'wall·e' on Google Chrome</doc>
<tag>usability</tag>
<status status="PASS" starttime="20220927 22:36:27.127" endtime="20220927 22:36:36.051"/>
</test>
<test id="s1-s1-s1-t2" name="Search 'tec cartago' on Google images" line="22">
<kw name="Given The user opens">
<arg>${googleImages}</arg>
<arg>${browser}</arg>
<kw name="Open Browser" library="SeleniumLibrary">
<arg>${url}</arg>
<arg>${browser}</arg>
<doc>Opens a new browser instance to the optional ``url``.</doc>
<msg timestamp="20220927 22:36:36.060" level="INFO">Opening browser 'Chrome' to base url 'https://www.google.com/imghp'.</msg>
<status status="PASS" starttime="20220927 22:36:36.059" endtime="20220927 22:36:39.066"/>
</kw>
<status status="PASS" starttime="20220927 22:36:36.057" endtime="20220927 22:36:39.067"/>
</kw>
<kw name="And The user searchs">
<arg>tec cartago</arg>
<kw name="Input Text" library="SeleniumLibrary">
<arg>name:q</arg>
<arg>${query}</arg>
<doc>Types the given ``text`` into the text field identified by ``locator``.</doc>
<msg timestamp="20220927 22:36:39.069" level="INFO">Typing text 'tec cartago' into text field 'name:q'.</msg>
<status status="PASS" starttime="20220927 22:36:39.068" endtime="20220927 22:36:39.131"/>
</kw>
<kw name="Press Keys" library="SeleniumLibrary">
<arg>name:q</arg>
<arg>ENTER</arg>
<doc>Simulates the user pressing key(s) to an element or on the active browser.</doc>
<msg timestamp="20220927 22:36:39.132" level="INFO">Sending key(s) ('ENTER',) to name:q element.</msg>
<msg timestamp="20220927 22:36:39.402" level="INFO">Pressing special key ENTER to element.</msg>
<msg timestamp="20220927 22:36:39.402" level="INFO">Releasing special key ENTER.</msg>
<status status="PASS" starttime="20220927 22:36:39.131" endtime="20220927 22:36:41.536"/>
</kw>
<status status="PASS" starttime="20220927 22:36:39.068" endtime="20220927 22:36:41.537"/>
</kw>
<kw name="Sleep" library="BuiltIn">
<arg>1s</arg>
<doc>Pauses the test executed for the given time.</doc>
<msg timestamp="20220927 22:36:42.539" level="INFO">Slept 1 second</msg>
<status status="PASS" starttime="20220927 22:36:41.538" endtime="20220927 22:36:42.539"/>
</kw>
<kw name="Then Page Should Contain Image" library="SeleniumLibrary">
<arg>${tecImage}</arg>
<doc>Verifies image identified by ``locator`` is found from current page.</doc>
<msg timestamp="20220927 22:36:42.554" level="INFO">Current page contains image '//*[@id="islrg"]/div[1]/div[3]/a[1]/div[1]/img'.</msg>
<status status="PASS" starttime="20220927 22:36:42.540" endtime="20220927 22:36:42.554"/>
</kw>
<kw name="Close Browser" library="SeleniumLibrary">
<doc>Closes the current browser.</doc>
<status status="PASS" starttime="20220927 22:36:42.555" endtime="20220927 22:36:42.616"/>
</kw>
<doc>Search 'tec cartago' on Google Images</doc>
<tag>usability</tag>
<status status="PASS" starttime="20220927 22:36:36.054" endtime="20220927 22:36:42.618"/>
</test>
<status status="PASS" starttime="20220927 22:36:26.841" endtime="20220927 22:36:42.620"/>
</suite>
<status status="PASS" starttime="20220927 22:36:26.837" endtime="20220927 22:36:42.625"/>
</suite>
<suite id="s1-s2" name="tecDigital" source="/home/sjcr23/Repos/ic-6831-proyectoII-demo/Tests/tecDigital">
<suite id="s1-s2-s1" name="Access" source="/home/sjcr23/Repos/ic-6831-proyectoII-demo/Tests/tecDigital/access.robot">
<test id="s1-s2-s1-t1" name="Login with valid credentials" line="8">
<kw name="Given the user opens the browser" library="keywords">
<arg>${tecDigital}</arg>
<arg>${browser}</arg>
<kw name="Open Browser" library="SeleniumLibrary">
<arg>${url}</arg>
<arg>${browser}</arg>
<doc>Opens a new browser instance to the optional ``url``.</doc>
<msg timestamp="20220927 22:36:42.664" level="INFO">Opening browser 'Chrome' to base url 'https://tecdigital.tec.ac.cr/register/?return_url=/dotlrn/index'.</msg>
<status status="PASS" starttime="20220927 22:36:42.663" endtime="20220927 22:36:45.708"/>
</kw>
<status status="PASS" starttime="20220927 22:36:42.661" endtime="20220927 22:36:45.709"/>
</kw>
<kw name="When the user input credentials" library="keywords">
<arg>${email}</arg>
<arg>${password}</arg>
<kw name="Sleep" library="BuiltIn">
<arg>1s</arg>
<doc>Pauses the test executed for the given time.</doc>
<msg timestamp="20220927 22:36:46.711" level="INFO">Slept 1 second</msg>
<status status="PASS" starttime="20220927 22:36:45.710" endtime="20220927 22:36:46.712"/>
</kw>
<kw name="Input Text" library="SeleniumLibrary">
<arg>name:newFormEmail</arg>
<arg>${email}</arg>
<doc>Types the given ``text`` into the text field identified by ``locator``.</doc>
<msg timestamp="20220927 22:36:46.713" level="INFO">Typing text 'jd.castro23r@estudiantec.cr' into text field 'name:newFormEmail'.</msg>
<status status="PASS" starttime="20220927 22:36:46.712" endtime="20220927 22:36:46.790"/>
</kw>
<kw name="Sleep" library="BuiltIn">
<arg>1s</arg>
<doc>Pauses the test executed for the given time.</doc>
<msg timestamp="20220927 22:36:47.791" level="INFO">Slept 1 second</msg>
<status status="PASS" starttime="20220927 22:36:46.790" endtime="20220927 22:36:47.791"/>
</kw>
<kw name="Input Password" library="SeleniumLibrary">
<arg>name:newFormPassword</arg>
<arg>${password}</arg>
<doc>Types the given password into the text field identified by ``locator``.</doc>
<msg timestamp="20220927 22:36:47.793" level="INFO">Typing password into text field 'name:newFormPassword'.</msg>
<msg timestamp="20220927 22:36:47.818" level="INFO">Temporally setting log level to: NONE</msg>
<msg timestamp="20220927 22:36:47.858" level="INFO">Log level changed from NONE to INFO.</msg>
<status status="PASS" starttime="20220927 22:36:47.792" endtime="20220927 22:36:47.859"/>
</kw>
<status status="PASS" starttime="20220927 22:36:45.709" endtime="20220927 22:36:47.859"/>
</kw>
<kw name="And the user clicks the button" library="keywords">
<arg>${login}</arg>
<kw name="Sleep" library="BuiltIn">
<arg>2s</arg>
<doc>Pauses the test executed for the given time.</doc>
<msg timestamp="20220927 22:36:49.861" level="INFO">Slept 2 seconds</msg>
<status status="PASS" starttime="20220927 22:36:47.861" endtime="20220927 22:36:49.862"/>
</kw>
<kw name="Click Element" library="SeleniumLibrary">
<arg>xpath:${button}</arg>
<doc>Click the element identified by ``locator``.</doc>
<msg timestamp="20220927 22:36:49.863" level="INFO">Clicking element 'xpath://*[@id="new-login"]/div[4]/div/button'.</msg>
<status status="PASS" starttime="20220927 22:36:49.862" endtime="20220927 22:36:49.900"/>
</kw>
<status status="PASS" starttime="20220927 22:36:47.860" endtime="20220927 22:36:49.901"/>
</kw>
<kw name="Sleep" library="BuiltIn">
<arg>3s</arg>
<doc>Pauses the test executed for the given time.</doc>
<msg timestamp="20220927 22:36:52.902" level="INFO">Slept 3 seconds</msg>
<status status="PASS" starttime="20220927 22:36:49.901" endtime="20220927 22:36:52.902"/>
</kw>
<kw name="Then Title Should Be" library="SeleniumLibrary">
<arg>Mi portal</arg>
<doc>Verifies that the current page title equals ``title``.</doc>
<msg timestamp="20220927 22:36:52.907" level="INFO">Page title is 'Mi portal'.</msg>
<status status="PASS" starttime="20220927 22:36:52.903" endtime="20220927 22:36:52.908"/>
</kw>
<kw name="And logout from tecDigital" library="keywords">
<arg>${menuIcon}</arg>
<arg>${logout}</arg>
<kw name="Sleep" library="BuiltIn">
<arg>2s</arg>
<doc>Pauses the test executed for the given time.</doc>
<msg timestamp="20220927 22:36:54.911" level="INFO">Slept 2 seconds</msg>
<status status="PASS" starttime="20220927 22:36:52.910" endtime="20220927 22:36:54.911"/>
</kw>
<kw name="Click Element" library="SeleniumLibrary">
<arg>xpath:${button1}</arg>
<doc>Click the element identified by ``locator``.</doc>
<msg timestamp="20220927 22:36:54.912" level="INFO">Clicking element 'xpath://*[@id="td_menu_responsive_toggle"]/i'.</msg>
<status status="PASS" starttime="20220927 22:36:54.912" endtime="20220927 22:36:54.941"/>
</kw>
<kw name="Sleep" library="BuiltIn">
<arg>2s</arg>
<doc>Pauses the test executed for the given time.</doc>
<msg timestamp="20220927 22:36:56.942" level="INFO">Slept 2 seconds</msg>
<status status="PASS" starttime="20220927 22:36:54.941" endtime="20220927 22:36:56.942"/>
</kw>
<kw name="Click Element" library="SeleniumLibrary">
<arg>xpath:${button2}</arg>
<doc>Click the element identified by ``locator``.</doc>
<msg timestamp="20220927 22:36:56.943" level="INFO">Clicking element 'xpath://*[@id="menu-left-content"]/nav/li[6]/a'.</msg>
<status status="PASS" starttime="20220927 22:36:56.943" endtime="20220927 22:37:01.642"/>
</kw>
<kw name="Sleep" library="BuiltIn">
<arg>2s</arg>
<doc>Pauses the test executed for the given time.</doc>
<msg timestamp="20220927 22:37:03.644" level="INFO">Slept 2 seconds</msg>
<status status="PASS" starttime="20220927 22:37:01.643" endtime="20220927 22:37:03.644"/>
</kw>
<kw name="Title Should Be" library="SeleniumLibrary">
<arg>tecDigital | Ingresar</arg>
<doc>Verifies that the current page title equals ``title``.</doc>
<msg timestamp="20220927 22:37:03.649" level="INFO">Page title is 'tecDigital | Ingresar'.</msg>
<status status="PASS" starttime="20220927 22:37:03.645" endtime="20220927 22:37:03.649"/>
</kw>
<kw name="Close Browser" library="SeleniumLibrary">
<doc>Closes the current browser.</doc>
<status status="PASS" starttime="20220927 22:37:03.649" endtime="20220927 22:37:03.715"/>
</kw>
<status status="PASS" starttime="20220927 22:36:52.908" endtime="20220927 22:37:03.716"/>
</kw>
<doc>Access to tecDigital with valid credentials</doc>
<tag>regression, valid</tag>
<status status="PASS" starttime="20220927 22:36:42.658" endtime="20220927 22:37:03.717"/>
</test>
<test id="s1-s2-s1-t2" name="Login with invalid credentials" line="18">
<kw name="Given the user opens the browser" library="keywords">
<arg>${tecDigital}</arg>
<arg>${browser}</arg>
<kw name="Open Browser" library="SeleniumLibrary">
<arg>${url}</arg>
<arg>${browser}</arg>
<doc>Opens a new browser instance to the optional ``url``.</doc>
<msg timestamp="20220927 22:37:03.722" level="INFO">Opening browser 'Chrome' to base url 'https://tecdigital.tec.ac.cr/register/?return_url=/dotlrn/index'.</msg>
<status status="PASS" starttime="20220927 22:37:03.721" endtime="20220927 22:37:06.641"/>
</kw>
<status status="PASS" starttime="20220927 22:37:03.720" endtime="20220927 22:37:06.641"/>
</kw>
<kw name="When the user input credentials" library="keywords">
<arg>f.ugaldegreen@estudiantec.cr</arg>
<arg>"el pepe"</arg>
<kw name="Sleep" library="BuiltIn">
<arg>1s</arg>
<doc>Pauses the test executed for the given time.</doc>
<msg timestamp="20220927 22:37:07.644" level="INFO">Slept 1 second</msg>
<status status="PASS" starttime="20220927 22:37:06.643" endtime="20220927 22:37:07.644"/>
</kw>
<kw name="Input Text" library="SeleniumLibrary">
<arg>name:newFormEmail</arg>
<arg>${email}</arg>
<doc>Types the given ``text`` into the text field identified by ``locator``.</doc>
<msg timestamp="20220927 22:37:07.646" level="INFO">Typing text 'f.ugaldegreen@estudiantec.cr' into text field 'name:newFormEmail'.</msg>
<status status="PASS" starttime="20220927 22:37:07.645" endtime="20220927 22:37:07.725"/>
</kw>
<kw name="Sleep" library="BuiltIn">
<arg>1s</arg>
<doc>Pauses the test executed for the given time.</doc>
<msg timestamp="20220927 22:37:08.726" level="INFO">Slept 1 second</msg>
<status status="PASS" starttime="20220927 22:37:07.726" endtime="20220927 22:37:08.727"/>
</kw>
<kw name="Input Password" library="SeleniumLibrary">
<arg>name:newFormPassword</arg>
<arg>${password}</arg>
<doc>Types the given password into the text field identified by ``locator``.</doc>
<msg timestamp="20220927 22:37:08.728" level="INFO">Typing password into text field 'name:newFormPassword'.</msg>
<msg timestamp="20220927 22:37:08.753" level="INFO">Temporally setting log level to: NONE</msg>
<msg timestamp="20220927 22:37:08.789" level="INFO">Log level changed from NONE to INFO.</msg>
<status status="PASS" starttime="20220927 22:37:08.727" endtime="20220927 22:37:08.789"/>
</kw>
<status status="PASS" starttime="20220927 22:37:06.642" endtime="20220927 22:37:08.790"/>
</kw>
<kw name="And the user clicks the button" library="keywords">
<arg>${login}</arg>
<kw name="Sleep" library="BuiltIn">
<arg>2s</arg>
<doc>Pauses the test executed for the given time.</doc>
<msg timestamp="20220927 22:37:10.792" level="INFO">Slept 2 seconds</msg>
<status status="PASS" starttime="20220927 22:37:08.791" endtime="20220927 22:37:10.793"/>
</kw>
<kw name="Click Element" library="SeleniumLibrary">
<arg>xpath:${button}</arg>
<doc>Click the element identified by ``locator``.</doc>
<msg timestamp="20220927 22:37:10.794" level="INFO">Clicking element 'xpath://*[@id="new-login"]/div[4]/div/button'.</msg>
<status status="PASS" starttime="20220927 22:37:10.793" endtime="20220927 22:37:10.832"/>
</kw>
<status status="PASS" starttime="20220927 22:37:08.791" endtime="20220927 22:37:10.832"/>
</kw>
<kw name="Sleep" library="BuiltIn">
<arg>2s</arg>
<doc>Pauses the test executed for the given time.</doc>
<msg timestamp="20220927 22:37:12.834" level="INFO">Slept 2 seconds</msg>
<status status="PASS" starttime="20220927 22:37:10.833" endtime="20220927 22:37:12.834"/>
</kw>
<kw name="Then Title Should Be" library="SeleniumLibrary">
<arg>tecDigital | Ingresar</arg>
<doc>Verifies that the current page title equals ``title``.</doc>
<msg timestamp="20220927 22:37:12.840" level="INFO">Page title is 'tecDigital | Ingresar'.</msg>
<status status="PASS" starttime="20220927 22:37:12.835" endtime="20220927 22:37:12.840"/>
</kw>
<kw name="Close Browser" library="SeleniumLibrary">
<doc>Closes the current browser.</doc>
<status status="PASS" starttime="20220927 22:37:12.841" endtime="20220927 22:37:12.908"/>
</kw>
<doc>Access to tecDigital with invalid credentials</doc>
<tag>regression, valid</tag>
<status status="PASS" starttime="20220927 22:37:03.718" endtime="20220927 22:37:12.909"/>
</test>
<status status="PASS" starttime="20220927 22:36:42.634" endtime="20220927 22:37:12.911"/>
</suite>
<suite id="s1-s2-s2" name="Email" source="/home/sjcr23/Repos/ic-6831-proyectoII-demo/Tests/tecDigital/email.robot">
<test id="s1-s2-s2-t1" name="Login with valid credentials" line="8">
<kw name="Given the user opens the browser" library="keywords">
<arg>${tecDigital}</arg>
<arg>${browser}</arg>
<kw name="Open Browser" library="SeleniumLibrary">
<arg>${url}</arg>
<arg>${browser}</arg>
<doc>Opens a new browser instance to the optional ``url``.</doc>
<msg timestamp="20220927 22:37:12.931" level="INFO">Opening browser 'Chrome' to base url 'https://tecdigital.tec.ac.cr/register/?return_url=/dotlrn/index'.</msg>
<status status="PASS" starttime="20220927 22:37:12.930" endtime="20220927 22:37:17.036"/>
</kw>
<status status="PASS" starttime="20220927 22:37:12.928" endtime="20220927 22:37:17.037"/>
</kw>
<kw name="When the user input credentials" library="keywords">
<arg>${email}</arg>
<arg>${password}</arg>
<kw name="Sleep" library="BuiltIn">
<arg>1s</arg>
<doc>Pauses the test executed for the given time.</doc>
<msg timestamp="20220927 22:37:18.040" level="INFO">Slept 1 second</msg>
<status status="PASS" starttime="20220927 22:37:17.039" endtime="20220927 22:37:18.040"/>
</kw>
<kw name="Input Text" library="SeleniumLibrary">
<arg>name:newFormEmail</arg>
<arg>${email}</arg>
<doc>Types the given ``text`` into the text field identified by ``locator``.</doc>
<msg timestamp="20220927 22:37:18.041" level="INFO">Typing text 'jd.castro23r@estudiantec.cr' into text field 'name:newFormEmail'.</msg>
<status status="PASS" starttime="20220927 22:37:18.041" endtime="20220927 22:37:18.118"/>
</kw>
<kw name="Sleep" library="BuiltIn">
<arg>1s</arg>
<doc>Pauses the test executed for the given time.</doc>
<msg timestamp="20220927 22:37:19.120" level="INFO">Slept 1 second</msg>
<status status="PASS" starttime="20220927 22:37:18.119" endtime="20220927 22:37:19.120"/>
</kw>
<kw name="Input Password" library="SeleniumLibrary">
<arg>name:newFormPassword</arg>
<arg>${password}</arg>
<doc>Types the given password into the text field identified by ``locator``.</doc>
<msg timestamp="20220927 22:37:19.121" level="INFO">Typing password into text field 'name:newFormPassword'.</msg>
<msg timestamp="20220927 22:37:19.148" level="INFO">Temporally setting log level to: NONE</msg>
<msg timestamp="20220927 22:37:19.191" level="INFO">Log level changed from NONE to INFO.</msg>
<status status="PASS" starttime="20220927 22:37:19.121" endtime="20220927 22:37:19.191"/>
</kw>
<status status="PASS" starttime="20220927 22:37:17.037" endtime="20220927 22:37:19.192"/>
</kw>
<kw name="And the user clicks the button" library="keywords">
<arg>${login}</arg>
<kw name="Sleep" library="BuiltIn">
<arg>2s</arg>
<doc>Pauses the test executed for the given time.</doc>
<msg timestamp="20220927 22:37:21.195" level="INFO">Slept 2 seconds</msg>
<status status="PASS" starttime="20220927 22:37:19.194" endtime="20220927 22:37:21.195"/>
</kw>
<kw name="Click Element" library="SeleniumLibrary">
<arg>xpath:${button}</arg>
<doc>Click the element identified by ``locator``.</doc>
<msg timestamp="20220927 22:37:21.197" level="INFO">Clicking element 'xpath://*[@id="new-login"]/div[4]/div/button'.</msg>
<status status="PASS" starttime="20220927 22:37:21.196" endtime="20220927 22:37:21.235"/>
</kw>
<status status="PASS" starttime="20220927 22:37:19.193" endtime="20220927 22:37:21.236"/>
</kw>
<kw name="Sleep" library="BuiltIn">
<arg>3s</arg>
<doc>Pauses the test executed for the given time.</doc>
<msg timestamp="20220927 22:37:24.237" level="INFO">Slept 3 seconds</msg>
<status status="PASS" starttime="20220927 22:37:21.236" endtime="20220927 22:37:24.238"/>
</kw>
<kw name="Then Title Should Be" library="SeleniumLibrary">
<arg>Mi portal</arg>
<doc>Verifies that the current page title equals ``title``.</doc>
<msg timestamp="20220927 22:37:24.243" level="INFO">Page title is 'Mi portal'.</msg>
<status status="PASS" starttime="20220927 22:37:24.239" endtime="20220927 22:37:24.243"/>
</kw>
<doc>Access to tecDigital with valid credentials</doc>
<tag>regression, valid</tag>
<status status="PASS" starttime="20220927 22:37:12.926" endtime="20220927 22:37:24.244"/>
</test>
<test id="s1-s2-s2-t2" name="Show courses" line="17">
<kw name="Given Title Should Be" library="SeleniumLibrary">
<arg>Mi portal</arg>
<doc>Verifies that the current page title equals ``title``.</doc>
<msg timestamp="20220927 22:37:24.252" level="INFO">Page title is 'Mi portal'.</msg>
<status status="PASS" starttime="20220927 22:37:24.248" endtime="20220927 22:37:24.252"/>
</kw>
<kw name="And the user clicks the button" library="keywords">
<arg>${showCourses}</arg>
<kw name="Sleep" library="BuiltIn">
<arg>2s</arg>
<doc>Pauses the test executed for the given time.</doc>
<msg timestamp="20220927 22:37:26.255" level="INFO">Slept 2 seconds</msg>
<status status="PASS" starttime="20220927 22:37:24.254" endtime="20220927 22:37:26.256"/>
</kw>
<kw name="Click Element" library="SeleniumLibrary">
<arg>xpath:${button}</arg>
<doc>Click the element identified by ``locator``.</doc>
<msg timestamp="20220927 22:37:26.257" level="INFO">Clicking element 'xpath://*[@id="dotlrn-main-dotlrn_class_instance"]/span'.</msg>
<status status="PASS" starttime="20220927 22:37:26.256" endtime="20220927 22:37:26.289"/>
</kw>
<status status="PASS" starttime="20220927 22:37:24.253" endtime="20220927 22:37:26.289"/>
</kw>
<kw name="Then Page Should Contain" library="SeleniumLibrary">
<arg>SEMESTRE 2 2022</arg>
<doc>Verifies that current page contains ``text``.</doc>
<msg timestamp="20220927 22:37:26.302" level="INFO">Current page contains text 'SEMESTRE 2 2022'.</msg>
<status status="PASS" starttime="20220927 22:37:26.290" endtime="20220927 22:37:26.303"/>
</kw>
<doc>Show the current courses of the semester 'IIS2022'</doc>
<tag>usability</tag>
<status status="PASS" starttime="20220927 22:37:24.246" endtime="20220927 22:37:26.304"/>
</test>
<test id="s1-s2-s2-t3" name="Access SQA portal" line="24">
<kw name="Given Page Should Contain" library="SeleniumLibrary">
<arg>SEMESTRE 2 2022</arg>
<doc>Verifies that current page contains ``text``.</doc>
<msg timestamp="20220927 22:37:26.321" level="INFO">Current page contains text 'SEMESTRE 2 2022'.</msg>
<status status="PASS" starttime="20220927 22:37:26.308" endtime="20220927 22:37:26.322"/>
</kw>
<kw name="And the user clicks the button" library="keywords">
<arg>${sqa}</arg>
<kw name="Sleep" library="BuiltIn">
<arg>2s</arg>
<doc>Pauses the test executed for the given time.</doc>
<msg timestamp="20220927 22:37:28.324" level="INFO">Slept 2 seconds</msg>
<status status="PASS" starttime="20220927 22:37:26.323" endtime="20220927 22:37:28.325"/>
</kw>
<kw name="Click Element" library="SeleniumLibrary">
<arg>xpath:${button}</arg>
<doc>Click the element identified by ``locator``.</doc>
<msg timestamp="20220927 22:37:28.326" level="INFO">Clicking element 'xpath://*[@id="tree-dotlrn_class_instance"]/li[1]/ul/li[1]/a'.</msg>
<status status="PASS" starttime="20220927 22:37:28.325" endtime="20220927 22:37:29.238"/>
</kw>
<status status="PASS" starttime="20220927 22:37:26.322" endtime="20220927 22:37:29.238"/>
</kw>
<kw name="Then Title Should Be" library="SeleniumLibrary">
<arg>Aseguramiento De La Calidad Del Software GR 20</arg>
<doc>Verifies that the current page title equals ``title``.</doc>
<msg timestamp="20220927 22:37:29.242" level="INFO">Page title is 'Aseguramiento De La Calidad Del Software GR 20'.</msg>
<status status="PASS" starttime="20220927 22:37:29.239" endtime="20220927 22:37:29.242"/>
</kw>
<doc>Access to the Software Quality Assurance course portal</doc>
<tag>usability</tag>
<status status="PASS" starttime="20220927 22:37:26.305" endtime="20220927 22:37:29.243"/>
</test>
<test id="s1-s2-s2-t4" name="Access to the email form" line="31">
<kw name="Given Title Should Be" library="SeleniumLibrary">
<arg>Aseguramiento De La Calidad Del Software GR 20</arg>
<doc>Verifies that the current page title equals ``title``.</doc>
<msg timestamp="20220927 22:37:29.250" level="INFO">Page title is 'Aseguramiento De La Calidad Del Software GR 20'.</msg>
<status status="PASS" starttime="20220927 22:37:29.246" endtime="20220927 22:37:29.251"/>
</kw>
<kw name="And the user clicks the button" library="keywords">
<arg>${teacherEmail}</arg>
<kw name="Sleep" library="BuiltIn">
<arg>2s</arg>
<doc>Pauses the test executed for the given time.</doc>
<msg timestamp="20220927 22:37:31.254" level="INFO">Slept 2 seconds</msg>
<status status="PASS" starttime="20220927 22:37:29.253" endtime="20220927 22:37:31.254"/>
</kw>
<kw name="Click Element" library="SeleniumLibrary">
<arg>xpath:${button}</arg>
<doc>Click the element identified by ``locator``.</doc>
<msg timestamp="20220927 22:37:31.255" level="INFO">Clicking element 'xpath://*[@id="main-content"]/div/div[1]/div[2]/ul/li/a[2]'.</msg>
<status status="PASS" starttime="20220927 22:37:31.255" endtime="20220927 22:37:32.147"/>
</kw>
<status status="PASS" starttime="20220927 22:37:29.252" endtime="20220927 22:37:32.148"/>
</kw>
<kw name="Then Title Should Be" library="SeleniumLibrary">
<arg>Sitio Principal</arg>
<doc>Verifies that the current page title equals ``title``.</doc>
<msg timestamp="20220927 22:37:32.151" level="INFO">Page title is 'Sitio Principal'.</msg>
<status status="PASS" starttime="20220927 22:37:32.148" endtime="20220927 22:37:32.151"/>
</kw>
<kw name="And Element Text Should Be" library="SeleniumLibrary">
<arg>xpath:${subjectField}</arg>
<arg>${empty}</arg>
<doc>Verifies that element ``locator`` contains exact the text ``expected``.</doc>
<msg timestamp="20220927 22:37:32.153" level="INFO">Verifying element 'xpath://*[@id="msj_asunto"]' contains exact text ''.</msg>
<status status="PASS" starttime="20220927 22:37:32.152" endtime="20220927 22:37:32.173"/>
</kw>
<doc>Access to the email form pannel</doc>
<tag>usability</tag>
<status status="PASS" starttime="20220927 22:37:29.244" endtime="20220927 22:37:32.174"/>
</test>
<test id="s1-s2-s2-t5" name="Write the subject" line="39">
<kw name="Given Title Should Be" library="SeleniumLibrary">
<arg>Sitio Principal</arg>
<doc>Verifies that the current page title equals ``title``.</doc>
<msg timestamp="20220927 22:37:32.181" level="INFO">Page title is 'Sitio Principal'.</msg>
<status status="PASS" starttime="20220927 22:37:32.178" endtime="20220927 22:37:32.181"/>
</kw>
<kw name="And Element Text Should Be" library="SeleniumLibrary">
<arg>xpath:${subjectField}</arg>
<arg>${empty}</arg>
<doc>Verifies that element ``locator`` contains exact the text ``expected``.</doc>
<msg timestamp="20220927 22:37:32.183" level="INFO">Verifying element 'xpath://*[@id="msj_asunto"]' contains exact text ''.</msg>
<status status="PASS" starttime="20220927 22:37:32.182" endtime="20220927 22:37:32.195"/>
</kw>
<kw name="Then the user writes a message" library="keywords">
<arg>${subjectField}</arg>
<arg>${subject}</arg>
<kw name="Sleep" library="BuiltIn">
<arg>1s</arg>
<doc>Pauses the test executed for the given time.</doc>
<msg timestamp="20220927 22:37:33.199" level="INFO">Slept 1 second</msg>
<status status="PASS" starttime="20220927 22:37:32.198" endtime="20220927 22:37:33.199"/>
</kw>
<kw name="Input Text" library="SeleniumLibrary">
<arg>xpath:${textBox}</arg>
<arg>${msg}</arg>
<doc>Types the given ``text`` into the text field identified by ``locator``.</doc>
<msg timestamp="20220927 22:37:33.201" level="INFO">Typing text 'La automatización no es un juego' into text field 'xpath://*[@id="msj_asunto"]'.</msg>
<status status="PASS" starttime="20220927 22:37:33.200" endtime="20220927 22:37:33.261"/>
</kw>
<kw name="Sleep" library="BuiltIn">
<arg>1s</arg>
<doc>Pauses the test executed for the given time.</doc>
<msg timestamp="20220927 22:37:34.262" level="INFO">Slept 1 second</msg>
<status status="PASS" starttime="20220927 22:37:33.261" endtime="20220927 22:37:34.262"/>
</kw>
<status status="PASS" starttime="20220927 22:37:32.196" endtime="20220927 22:37:34.263"/>
</kw>
<doc>Writes text on the Subject text field</doc>
<tag>usability, valid</tag>
<status status="PASS" starttime="20220927 22:37:32.176" endtime="20220927 22:37:34.264"/>
</test>
<test id="s1-s2-s2-t6" name="Write the body" line="46">
<kw name="Given Title Should Be" library="SeleniumLibrary">
<arg>Sitio Principal</arg>
<doc>Verifies that the current page title equals ``title``.</doc>
<msg timestamp="20220927 22:37:34.275" level="INFO">Page title is 'Sitio Principal'.</msg>
<status status="PASS" starttime="20220927 22:37:34.267" endtime="20220927 22:37:34.276"/>
</kw>
<kw name="And Element Text Should Be" library="SeleniumLibrary">
<arg>xpath:${bodyField}</arg>
<arg>${empty}</arg>
<doc>Verifies that element ``locator`` contains exact the text ``expected``.</doc>
<msg timestamp="20220927 22:37:34.278" level="INFO">Verifying element 'xpath://*[@id="msjcuerpo"]/div[1]' contains exact text ''.</msg>
<status status="PASS" starttime="20220927 22:37:34.277" endtime="20220927 22:37:34.305"/>
</kw>
<kw name="Then the user writes a message" library="keywords">
<arg>${bodyField}</arg>
<arg>${body}</arg>
<kw name="Sleep" library="BuiltIn">
<arg>1s</arg>
<doc>Pauses the test executed for the given time.</doc>
<msg timestamp="20220927 22:37:35.311" level="INFO">Slept 1 second</msg>
<status status="PASS" starttime="20220927 22:37:34.310" endtime="20220927 22:37:35.312"/>
</kw>
<kw name="Input Text" library="SeleniumLibrary">
<arg>xpath:${textBox}</arg>
<arg>${msg}</arg>
<doc>Types the given ``text`` into the text field identified by ``locator``.</doc>
<msg timestamp="20220927 22:37:35.313" level="INFO">Typing text 'Hola profe, 
Este es un mensaje generado automáticamente gracias a Robot framework. :D
Saludos!' into text field 'xpath://*[@id="msjcuerpo"]/div[1]'.</msg>
<status status="PASS" starttime="20220927 22:37:35.312" endtime="20220927 22:37:35.463"/>
</kw>
<kw name="Sleep" library="BuiltIn">
<arg>1s</arg>
<doc>Pauses the test executed for the given time.</doc>
<msg timestamp="20220927 22:37:36.465" level="INFO">Slept 1 second</msg>
<status status="PASS" starttime="20220927 22:37:35.464" endtime="20220927 22:37:36.465"/>
</kw>
<status status="PASS" starttime="20220927 22:37:34.307" endtime="20220927 22:37:36.466"/>
</kw>
<doc>Writes text on the Body text field</doc>
<tag>usability, valid</tag>
<status status="PASS" starttime="20220927 22:37:34.265" endtime="20220927 22:37:36.467"/>
</test>
<test id="s1-s2-s2-t7" name="Close the browser" line="59">
<kw name="Sleep" library="BuiltIn">
<arg>3s</arg>
<doc>Pauses the test executed for the given time.</doc>
<msg timestamp="20220927 22:37:39.470" level="INFO">Slept 3 seconds</msg>
<status status="PASS" starttime="20220927 22:37:36.469" endtime="20220927 22:37:39.470"/>
</kw>
<kw name="Close Browser" library="SeleniumLibrary">
<doc>Closes the current browser.</doc>
<status status="PASS" starttime="20220927 22:37:39.471" endtime="20220927 22:37:39.533"/>
</kw>
<status status="PASS" starttime="20220927 22:37:36.468" endtime="20220927 22:37:39.534"/>
</test>
<status status="PASS" starttime="20220927 22:37:12.916" endtime="20220927 22:37:39.536"/>
</suite>
<status status="PASS" starttime="20220927 22:36:42.629" endtime="20220927 22:37:39.541"/>
</suite>
<status status="PASS" starttime="20220927 22:36:26.803" endtime="20220927 22:37:39.546"/>
</suite>
<statistics>
<total>
<stat pass="11" fail="0" skip="0">All Tests</stat>
</total>
<tag>
<stat pass="3" fail="0" skip="0">regression, valid</stat>
<stat pass="5" fail="0" skip="0">usability</stat>
<stat pass="2" fail="0" skip="0">usability, valid</stat>
</tag>
<suite>
<stat pass="11" fail="0" skip="0" id="s1" name="Tests">Tests</stat>
<stat pass="2" fail="0" skip="0" id="s1-s1" name="Google Chrome">Tests.Google Chrome</stat>
<stat pass="2" fail="0" skip="0" id="s1-s1-s1" name="Search">Tests.Google Chrome.Search</stat>
<stat pass="9" fail="0" skip="0" id="s1-s2" name="tecDigital">Tests.tecDigital</stat>
<stat pass="2" fail="0" skip="0" id="s1-s2-s1" name="Access">Tests.tecDigital.Access</stat>
<stat pass="7" fail="0" skip="0" id="s1-s2-s2" name="Email">Tests.tecDigital.Email</stat>
</suite>
</statistics>
<errors>
</errors>
</robot>
